Failed to load gspread and oauth2client; Google functions will not work.
/home/etenezakis/miniconda3/envs/risingverse/lib/python3.7/site-packages/xarray/core/merge.py:10: FutureWarning: The Panel class is removed from pandas. Accessing it from the top-level namespace will also be removed in the next version
  PANDAS_TYPES = (pd.Series, pd.DataFrame, pd.Panel)
Processing arguments
WARNING: Cannot find new-style climate data tasmax, by month, weighted by cropwt.
WARNING: Cannot find new-style climate data tasmin, by month, weighted by cropwt.
WARNING: Cannot find new-style climate data edd, by month, weighted by cropwt.
Loading weather...
the config file syntax is wrong
None
Processing arguments
WARNING: Cannot find new-style climate data tasmax, by month, weighted by cropwt.
WARNING: Cannot find new-style climate data tasmin, by month, weighted by cropwt.
WARNING: Cannot find new-style climate data edd, by month, weighted by cropwt.
Loading weather...
Warning: edd_monthly in /shares/gcp/climate/BCSD/hierid/cropwt/monthly/edd_monthly/historical/ACCESS1-0/1981/1.3.nc4 has no units.
Warning: edd_monthly in /shares/gcp/climate/BCSD/hierid/cropwt/monthly/edd_monthly/rcp45/ACCESS1-0/2006/1.3.nc4 has no units.
Starting bundle iterator
WARNING: Cannot find new-style climate data tasmax, by month, weighted by cropwt.
WARNING: Cannot find new-style climate data tasmin, by month, weighted by cropwt.
WARNING: Cannot find new-style climate data edd, by month, weighted by cropwt.
Loading weather...
Warning: edd_monthly in /shares/gcp/climate/BCSD/hierid/cropwt/monthly/edd_monthly/historical/ACCESS1-0/1981/1.3.nc4 has no units.
Warning: edd_monthly in /shares/gcp/climate/BCSD/hierid/cropwt/monthly/edd_monthly/rcp45/ACCESS1-0/2006/1.3.nc4 has no units.
Generating cassava_seasonaledd.nc4 in /shares/gcp/outputs/temps/rcp45/ACCESS1-0
Processing years...
Push 1981
Push 1982
Push 1983
Push 1984
Push 1985
Push 1986
Push 1987
Push 1988
Push 1989
Push 1990
Push 1991
Push 1992
Push 1993
Push 1994
Push 1995
Push 1996
Push 1997
Push 1998
Push 1999
Push 2000
Push 2001
Push 2002
Push 2003
Push 2004
Push 2005
Push 2006
Push 2007
Push 2008
Push 2009
Push 2010
Push 2011
Push 2012
Push 2013
Push 2014
Push 2015
Push 2016
Push 2017
Push 2018
Push 2019
Push 2020
Push 2021
Push 2022
Push 2023
Push 2024
Push 2025
Push 2026
Push 2027
Push 2028
Push 2029
Push 2030
Push 2031
Push 2032
Push 2033
Push 2034
Push 2035
Push 2036
Push 2037
Push 2038
Push 2039
Push 2040
Push 2041
Push 2042
Push 2043
Push 2044
Push 2045
Push 2046
Push 2047
Push 2048
Push 2049
Push 2050
Push 2051
Push 2052
Push 2053
Push 2054
Push 2055
Push 2056
Push 2057
Push 2058
Push 2059
Push 2060
Push 2061
Push 2062
Push 2063
Push 2064
Push 2065
Push 2066
Push 2067
Push 2068
Push 2069
Push 2070
Push 2071
Push 2072
Push 2073
Push 2074
Push 2075
Push 2076
Push 2077
Push 2078
Push 2079
Push 2080
Push 2081
Push 2082
Push 2083
Push 2084
Push 2085
Push 2086
Push 2087
Push 2088
Push 2089
Push 2090
Push 2091
Push 2092
Push 2093
Push 2094
Push 2095
Push 2096
Push 2097
Push 2098
Processing arguments
WARNING: Cannot find new-style climate data tasmax, by month, weighted by cropwt.
WARNING: Cannot find new-style climate data tasmin, by month, weighted by cropwt.
WARNING: Cannot find new-style climate data edd, by month, weighted by cropwt.
Loading weather...
Warning: edd_monthly in /shares/gcp/climate/BCSD/hierid/cropwt/monthly/edd_monthly/historical/ACCESS1-0/1981/1.3.nc4 has no units.
Warning: edd_monthly in /shares/gcp/climate/BCSD/hierid/cropwt/monthly/edd_monthly/rcp85/ACCESS1-0/2006/1.3.nc4 has no units.
Starting bundle iterator
WARNING: Cannot find new-style climate data tasmax, by month, weighted by cropwt.
WARNING: Cannot find new-style climate data tasmin, by month, weighted by cropwt.
WARNING: Cannot find new-style climate data edd, by month, weighted by cropwt.
Loading weather...
Warning: edd_monthly in /shares/gcp/climate/BCSD/hierid/cropwt/monthly/edd_monthly/historical/ACCESS1-0/1981/1.3.nc4 has no units.
Warning: edd_monthly in /shares/gcp/climate/BCSD/hierid/cropwt/monthly/edd_monthly/rcp85/ACCESS1-0/2006/1.3.nc4 has no units.
Generating cassava_seasonaledd.nc4 in /shares/gcp/outputs/temps/rcp85/ACCESS1-0
Processing years...
Push 1981
Push 1982
Push 1983
Push 1984
Push 1985
Push 1986
Push 1987
Push 1988
Push 1989
Push 1990
Push 1991
Push 1992
Push 1993
Push 1994
Push 1995
Push 1996
Push 1997
Push 1998
Push 1999
Push 2000
Push 2001
Push 2002
Push 2003
Push 2004
Push 2005
Push 2006
Push 2007
Push 2008
Push 2009
Push 2010
Push 2011
Push 2012
Push 2013
Push 2014
Push 2015
Push 2016
Push 2017
Push 2018
Push 2019
Push 2020
Push 2021
Push 2022
Push 2023
Push 2024
Push 2025
Push 2026
Push 2027
Push 2028
Push 2029
Push 2030
Push 2031
Push 2032
Push 2033
Push 2034
Push 2035
Push 2036
Push 2037
Push 2038
Push 2039
Push 2040
Push 2041
Push 2042
Push 2043
Push 2044
Push 2045
Push 2046
Push 2047
Push 2048
Push 2049
Push 2050
Push 2051
Push 2052
Push 2053
Push 2054
Push 2055
Push 2056
Push 2057
Push 2058
Push 2059
Push 2060
Push 2061
Push 2062
Push 2063
Push 2064
Push 2065
Push 2066
Push 2067
Push 2068
Push 2069
Push 2070
Push 2071
Push 2072
Push 2073
Push 2074
Push 2075
Push 2076
Push 2077
Push 2078
Push 2079
Push 2080
Push 2081
Push 2082
Push 2083
Push 2084
Push 2085
Push 2086
Push 2087
Push 2088
Push 2089
Push 2090
Push 2091
Push 2092
Push 2093
Push 2094
Push 2095
Push 2096
Push 2097
Push 2098
Processing arguments
WARNING: Cannot find new-style climate data tasmax, by month, weighted by cropwt.
WARNING: Cannot find new-style climate data tasmin, by month, weighted by cropwt.
WARNING: Cannot find new-style climate data edd, by month, weighted by cropwt.
Loading weather...
Warning: edd_monthly in /shares/gcp/climate/BCSD/hierid/cropwt/monthly/edd_monthly/historical/CESM1-BGC/1981/1.3.nc4 has no units.
Warning: edd_monthly in /shares/gcp/climate/BCSD/hierid/cropwt/monthly/edd_monthly/rcp45/CESM1-BGC/2006/1.3.nc4 has no units.
Starting bundle iterator
WARNING: Cannot find new-style climate data tasmax, by month, weighted by cropwt.
WARNING: Cannot find new-style climate data tasmin, by month, weighted by cropwt.
WARNING: Cannot find new-style climate data edd, by month, weighted by cropwt.
Loading weather...
Warning: edd_monthly in /shares/gcp/climate/BCSD/hierid/cropwt/monthly/edd_monthly/historical/CESM1-BGC/1981/1.3.nc4 has no units.
Warning: edd_monthly in /shares/gcp/climate/BCSD/hierid/cropwt/monthly/edd_monthly/rcp45/CESM1-BGC/2006/1.3.nc4 has no units.
Generating cassava_seasonaledd.nc4 in /shares/gcp/outputs/temps/rcp45/CESM1-BGC
Processing years...
Push 1981
Push 1982
Push 1983
Push 1984
Push 1985
Push 1986
Push 1987
Push 1988
Push 1989
Push 1990
Push 1991
Push 1992
Push 1993
Push 1994
Push 1995
Push 1996
Push 1997
Push 1998
Push 1999
Push 2000
Push 2001
Push 2002
Push 2003
Push 2004
Push 2005
Push 2006
Push 2007
Push 2008
Push 2009
Push 2010
Push 2011
Push 2012
Push 2013
Push 2014
Push 2015
Push 2016
Push 2017
Push 2018
Push 2019
Push 2020
Push 2021
Push 2022
Push 2023
Push 2024
Push 2025
Push 2026
Push 2027
Push 2028
Push 2029
Push 2030
Push 2031
Push 2032
Push 2033
Push 2034
Push 2035
Push 2036
Push 2037
Push 2038
Push 2039
Push 2040
Push 2041
Push 2042
Push 2043
Push 2044
Push 2045
Push 2046
Push 2047
Push 2048
Push 2049
Push 2050
Push 2051
Push 2052
Push 2053
Push 2054
Push 2055
Push 2056
Push 2057
Push 2058
Push 2059
Push 2060
Push 2061
Push 2062
Push 2063
Push 2064
Push 2065
Push 2066
Push 2067
Push 2068
Push 2069
Push 2070
Push 2071
Push 2072
Push 2073
Push 2074
Push 2075
Push 2076
Push 2077
Push 2078
Push 2079
Push 2080
Push 2081
Push 2082
Push 2083
Push 2084
Push 2085
Push 2086
Push 2087
Push 2088
Push 2089
Push 2090
Push 2091
Push 2092
Push 2093
Push 2094
Push 2095
Push 2096
Push 2097
Push 2098
Processing arguments
WARNING: Cannot find new-style climate data tasmax, by month, weighted by cropwt.
WARNING: Cannot find new-style climate data tasmin, by month, weighted by cropwt.
WARNING: Cannot find new-style climate data edd, by month, weighted by cropwt.
Loading weather...
Warning: edd_monthly in /shares/gcp/climate/BCSD/hierid/cropwt/monthly/edd_monthly/historical/CESM1-BGC/1981/1.3.nc4 has no units.
Warning: edd_monthly in /shares/gcp/climate/BCSD/hierid/cropwt/monthly/edd_monthly/rcp85/CESM1-BGC/2006/1.3.nc4 has no units.
Starting bundle iterator
WARNING: Cannot find new-style climate data tasmax, by month, weighted by cropwt.
WARNING: Cannot find new-style climate data tasmin, by month, weighted by cropwt.
WARNING: Cannot find new-style climate data edd, by month, weighted by cropwt.
Loading weather...
Warning: edd_monthly in /shares/gcp/climate/BCSD/hierid/cropwt/monthly/edd_monthly/historical/CESM1-BGC/1981/1.3.nc4 has no units.
Warning: edd_monthly in /shares/gcp/climate/BCSD/hierid/cropwt/monthly/edd_monthly/rcp85/CESM1-BGC/2006/1.3.nc4 has no units.
Generating cassava_seasonaledd.nc4 in /shares/gcp/outputs/temps/rcp85/CESM1-BGC
Processing years...
Push 1981
Push 1982
Push 1983
Push 1984
Push 1985
Push 1986
Push 1987
Push 1988
Push 1989
Push 1990
Push 1991
Push 1992
Push 1993
Push 1994
Push 1995
Push 1996
Push 1997
Push 1998
Push 1999
Push 2000
Push 2001
Push 2002
Push 2003
Push 2004
Push 2005
Push 2006
Push 2007
Push 2008
Push 2009
Push 2010
Push 2011
Push 2012
Push 2013
Push 2014
Push 2015
Push 2016
Push 2017
Push 2018
Push 2019
Push 2020
Push 2021
Push 2022
Push 2023
Push 2024
Push 2025
Push 2026
Push 2027
Push 2028
Push 2029
Push 2030
Push 2031
Push 2032
Push 2033
Push 2034
Push 2035
Push 2036
Push 2037
Push 2038
Push 2039
Push 2040
Push 2041
Push 2042
Push 2043
Push 2044
Push 2045
Push 2046
Push 2047
Push 2048
Push 2049
Push 2050
Push 2051
Push 2052
Push 2053
Push 2054
Push 2055
Push 2056
Push 2057
Push 2058
Push 2059
Push 2060
Push 2061
Push 2062
Push 2063
Push 2064
Push 2065
Push 2066
Push 2067
Push 2068
Push 2069
Push 2070
Push 2071
Push 2072
Push 2073
Push 2074
Push 2075
Push 2076
Push 2077
Push 2078
Push 2079
Push 2080
Push 2081
Push 2082
Push 2083
Push 2084
Push 2085
Push 2086
Push 2087
Push 2088
Push 2089
Push 2090
Push 2091
Push 2092
Push 2093
Push 2094
Push 2095
Push 2096
Push 2097
Push 2098
Processing arguments
WARNING: Cannot find new-style climate data tasmax, by month, weighted by cropwt.
WARNING: Cannot find new-style climate data tasmin, by month, weighted by cropwt.
WARNING: Cannot find new-style climate data edd, by month, weighted by cropwt.
Loading weather...
the config file syntax is wrong
None
Processing arguments
WARNING: Cannot find new-style climate data tasmax, by month, weighted by cropwt.
WARNING: Cannot find new-style climate data tasmin, by month, weighted by cropwt.
WARNING: Cannot find new-style climate data edd, by month, weighted by cropwt.
Loading weather...
Warning: edd_monthly in /shares/gcp/climate/BCSD/hierid/cropwt/monthly/edd_monthly/historical/GFDL-CM3/1981/1.3.nc4 has no units.
Warning: edd_monthly in /shares/gcp/climate/BCSD/hierid/cropwt/monthly/edd_monthly/rcp45/surrogate_GFDL-CM3_94/2006/1.3.nc4 has no units.
Starting bundle iterator
WARNING: Cannot find new-style climate data tasmax, by month, weighted by cropwt.
WARNING: Cannot find new-style climate data tasmin, by month, weighted by cropwt.
WARNING: Cannot find new-style climate data edd, by month, weighted by cropwt.
Loading weather...
Warning: edd_monthly in /shares/gcp/climate/BCSD/hierid/cropwt/monthly/edd_monthly/historical/GFDL-CM3/1981/1.3.nc4 has no units.
Warning: edd_monthly in /shares/gcp/climate/BCSD/hierid/cropwt/monthly/edd_monthly/rcp45/surrogate_GFDL-CM3_94/2006/1.3.nc4 has no units.
Generating cassava_seasonaledd.nc4 in /shares/gcp/outputs/temps/rcp45/surrogate_GFDL-CM3_94
Processing years...
Push 1981
Push 1982
Push 1983
Push 1984
Push 1985
Push 1986
Push 1987
Push 1988
Push 1989
Push 1990
Push 1991
Push 1992
Push 1993
Push 1994
Push 1995
Push 1996
Push 1997
Push 1998
Push 1999
Push 2000
Push 2001
Push 2002
Push 2003
Push 2004
Push 2005
Push 2006
Push 2007
Push 2008
Push 2009
Push 2010
Push 2011
Push 2012
Push 2013
Push 2014
Push 2015
Push 2016
Push 2017
Push 2018
Push 2019
Push 2020
Push 2021
Push 2022
Push 2023
Push 2024
Push 2025
Push 2026
Push 2027
Push 2028
Push 2029
Push 2030
Push 2031
Push 2032
Push 2033
Push 2034
Push 2035
Push 2036
Push 2037
Push 2038
Push 2039
Push 2040
Push 2041
Push 2042
Push 2043
Push 2044
Push 2045
Push 2046
Push 2047
Push 2048
Push 2049
Push 2050
Push 2051
Push 2052
Push 2053
Push 2054
Push 2055
Push 2056
Push 2057
Push 2058
Push 2059
Push 2060
Push 2061
Push 2062
Push 2063
Push 2064
Push 2065
Push 2066
Push 2067
Push 2068
Push 2069
Push 2070
Push 2071
Push 2072
Push 2073
Push 2074
Push 2075
Push 2076
Push 2077
Push 2078
Push 2079
Push 2080
Push 2081
Push 2082
Push 2083
Push 2084
Push 2085
Push 2086
Push 2087
Push 2088
Push 2089
Push 2090
Push 2091
Push 2092
Push 2093
Push 2094
Push 2095
Push 2096
Push 2097
Push 2098
Processing arguments
WARNING: Cannot find new-style climate data tasmax, by month, weighted by cropwt.
WARNING: Cannot find new-style climate data tasmin, by month, weighted by cropwt.
WARNING: Cannot find new-style climate data edd, by month, weighted by cropwt.
Loading weather...
Warning: edd_monthly in /shares/gcp/climate/BCSD/hierid/cropwt/monthly/edd_monthly/historical/GFDL-CM3/1981/1.3.nc4 has no units.
Warning: edd_monthly in /shares/gcp/climate/BCSD/hierid/cropwt/monthly/edd_monthly/rcp85/surrogate_GFDL-CM3_94/2006/1.3.nc4 has no units.
Starting bundle iterator
WARNING: Cannot find new-style climate data tasmax, by month, weighted by cropwt.
WARNING: Cannot find new-style climate data tasmin, by month, weighted by cropwt.
WARNING: Cannot find new-style climate data edd, by month, weighted by cropwt.
Loading weather...
Warning: edd_monthly in /shares/gcp/climate/BCSD/hierid/cropwt/monthly/edd_monthly/historical/GFDL-CM3/1981/1.3.nc4 has no units.
Warning: edd_monthly in /shares/gcp/climate/BCSD/hierid/cropwt/monthly/edd_monthly/rcp85/surrogate_GFDL-CM3_94/2006/1.3.nc4 has no units.
Generating cassava_seasonaledd.nc4 in /shares/gcp/outputs/temps/rcp85/surrogate_GFDL-CM3_94
Processing years...
Push 1981
Push 1982
Push 1983
Push 1984
Push 1985
Push 1986
Push 1987
Push 1988
Push 1989
Push 1990
Push 1991
Push 1992
Push 1993
Push 1994
Push 1995
Push 1996
Push 1997
Push 1998
Push 1999
Push 2000
Push 2001
Push 2002
Push 2003
Push 2004
Push 2005
Push 2006
Push 2007
Push 2008
Push 2009
Push 2010
Push 2011
Push 2012
Push 2013
Push 2014
Push 2015
Push 2016
Push 2017
Push 2018
Push 2019
Push 2020
Push 2021
Push 2022
Push 2023
Push 2024
Push 2025
Push 2026
Push 2027
Push 2028
Push 2029
Push 2030
Push 2031
Push 2032
Push 2033
Push 2034
Push 2035
Push 2036
Push 2037
Push 2038
Push 2039
Push 2040
Push 2041
Push 2042
Push 2043
Push 2044
Push 2045
Push 2046
Push 2047
Push 2048
Push 2049
Push 2050
Push 2051
Push 2052
Push 2053
Push 2054
Push 2055
Push 2056
Push 2057
Push 2058
Push 2059
Push 2060
Push 2061
Push 2062
Push 2063
Push 2064
Push 2065
Push 2066
Push 2067
Push 2068
Push 2069
Push 2070
Push 2071
Push 2072
Push 2073
Push 2074
Push 2075
Push 2076
Push 2077
Push 2078
Push 2079
Push 2080
Push 2081
Push 2082
Push 2083
Push 2084
Push 2085
Push 2086
Push 2087
Push 2088
Push 2089
Push 2090
Push 2091
Push 2092
Push 2093
Push 2094
Push 2095
Push 2096
Push 2097
Push 2098
Processing arguments
WARNING: Cannot find new-style climate data tasmax, by month, weighted by cropwt.
WARNING: Cannot find new-style climate data tasmin, by month, weighted by cropwt.
WARNING: Cannot find new-style climate data edd, by month, weighted by cropwt.
Loading weather...
Warning: edd_monthly in /shares/gcp/climate/BCSD/hierid/cropwt/monthly/edd_monthly/historical/GFDL-ESM2G/1981/1.3.nc4 has no units.
Warning: edd_monthly in /shares/gcp/climate/BCSD/hierid/cropwt/monthly/edd_monthly/rcp45/GFDL-ESM2G/2006/1.3.nc4 has no units.
Starting bundle iterator
WARNING: Cannot find new-style climate data tasmax, by month, weighted by cropwt.
WARNING: Cannot find new-style climate data tasmin, by month, weighted by cropwt.
WARNING: Cannot find new-style climate data edd, by month, weighted by cropwt.
Loading weather...
Warning: edd_monthly in /shares/gcp/climate/BCSD/hierid/cropwt/monthly/edd_monthly/historical/GFDL-ESM2G/1981/1.3.nc4 has no units.
Warning: edd_monthly in /shares/gcp/climate/BCSD/hierid/cropwt/monthly/edd_monthly/rcp45/GFDL-ESM2G/2006/1.3.nc4 has no units.
Generating cassava_seasonaledd.nc4 in /shares/gcp/outputs/temps/rcp45/GFDL-ESM2G
Processing years...
Push 1981
Push 1982
Push 1983
Push 1984
Push 1985
Push 1986
Push 1987
Push 1988
Push 1989
Push 1990
Push 1991
Push 1992
Push 1993
Push 1994
Push 1995
Push 1996
Push 1997
Push 1998
Push 1999
Push 2000
Push 2001
Push 2002
Push 2003
Push 2004
Push 2005
Push 2006
Push 2007
Push 2008
Push 2009
Push 2010
Push 2011
Push 2012
Push 2013
Push 2014
Push 2015
Push 2016
Push 2017
Push 2018
Push 2019
Push 2020
Push 2021
Push 2022
Push 2023
Push 2024
Push 2025
Push 2026
Push 2027
Push 2028
Push 2029
Push 2030
Push 2031
Push 2032
Push 2033
Push 2034
Push 2035
Push 2036
Push 2037
Push 2038
Push 2039
Push 2040
Push 2041
Push 2042
Push 2043
Push 2044
Push 2045
Push 2046
Push 2047
Push 2048
Push 2049
Push 2050
Push 2051
Push 2052
Push 2053
Push 2054
Push 2055
Push 2056
Push 2057
Push 2058
Push 2059
Push 2060
Push 2061
Push 2062
Push 2063
Push 2064
Push 2065
Push 2066
Push 2067
Push 2068
Push 2069
Push 2070
Push 2071
Push 2072
Push 2073
Push 2074
Push 2075
Push 2076
Push 2077
Push 2078
Push 2079
Push 2080
Push 2081
Push 2082
Push 2083
Push 2084
Push 2085
Push 2086
Push 2087
Push 2088
Push 2089
Push 2090
Push 2091
Push 2092
Push 2093
Push 2094
Push 2095
Push 2096
Push 2097
Push 2098
Processing arguments
WARNING: Cannot find new-style climate data tasmax, by month, weighted by cropwt.
WARNING: Cannot find new-style climate data tasmin, by month, weighted by cropwt.
WARNING: Cannot find new-style climate data edd, by month, weighted by cropwt.
Loading weather...
Warning: edd_monthly in /shares/gcp/climate/BCSD/hierid/cropwt/monthly/edd_monthly/historical/GFDL-ESM2G/1981/1.3.nc4 has no units.
Warning: edd_monthly in /shares/gcp/climate/BCSD/hierid/cropwt/monthly/edd_monthly/rcp85/GFDL-ESM2G/2006/1.3.nc4 has no units.
Starting bundle iterator
WARNING: Cannot find new-style climate data tasmax, by month, weighted by cropwt.
WARNING: Cannot find new-style climate data tasmin, by month, weighted by cropwt.
WARNING: Cannot find new-style climate data edd, by month, weighted by cropwt.
Loading weather...
Warning: edd_monthly in /shares/gcp/climate/BCSD/hierid/cropwt/monthly/edd_monthly/historical/GFDL-ESM2G/1981/1.3.nc4 has no units.
Warning: edd_monthly in /shares/gcp/climate/BCSD/hierid/cropwt/monthly/edd_monthly/rcp85/GFDL-ESM2G/2006/1.3.nc4 has no units.
Generating cassava_seasonaledd.nc4 in /shares/gcp/outputs/temps/rcp85/GFDL-ESM2G
Processing years...
Push 1981
Push 1982
Push 1983
Push 1984
Push 1985
Push 1986
Push 1987
Push 1988
Push 1989
Push 1990
Push 1991
Push 1992
Push 1993
Push 1994
Push 1995
Push 1996
Push 1997
Push 1998
Push 1999
Push 2000
Push 2001
Push 2002
Push 2003
Push 2004
Push 2005
Push 2006
Push 2007
Push 2008
Push 2009
Push 2010
Push 2011
Push 2012
Push 2013
Push 2014
Push 2015
Push 2016
Push 2017
Push 2018
Push 2019
Push 2020
Push 2021
Push 2022
Push 2023
Push 2024
Push 2025
Push 2026
Push 2027
Push 2028
Push 2029
Push 2030
Push 2031
Push 2032
Push 2033
Push 2034
Push 2035
Push 2036
Push 2037
Push 2038
Push 2039
Push 2040
Push 2041
Push 2042
Push 2043
Push 2044
Push 2045
Push 2046
Push 2047
Push 2048
Push 2049
Push 2050
Push 2051
Push 2052
Push 2053
Push 2054
Push 2055
Push 2056
Push 2057
Push 2058
Push 2059
Push 2060
Push 2061
Push 2062
Push 2063
Push 2064
Push 2065
Push 2066
Push 2067
Push 2068
Push 2069
Push 2070
Push 2071
Push 2072
Push 2073
Push 2074
Push 2075
Push 2076
Push 2077
Push 2078
Push 2079
Push 2080
Push 2081
Push 2082
Push 2083
Push 2084
Push 2085
Push 2086
Push 2087
Push 2088
Push 2089
Push 2090
Push 2091
Push 2092
Push 2093
Push 2094
Push 2095
Push 2096
Push 2097
Push 2098
Processing arguments
WARNING: Cannot find new-style climate data tasmax, by month, weighted by cropwt.
WARNING: Cannot find new-style climate data tasmin, by month, weighted by cropwt.
WARNING: Cannot find new-style climate data edd, by month, weighted by cropwt.
Loading weather...
Warning: edd_monthly in /shares/gcp/climate/BCSD/hierid/cropwt/monthly/edd_monthly/historical/GFDL-CM3/1981/1.3.nc4 has no units.
Warning: edd_monthly in /shares/gcp/climate/BCSD/hierid/cropwt/monthly/edd_monthly/rcp45/GFDL-CM3/2006/1.3.nc4 has no units.
Starting bundle iterator
WARNING: Cannot find new-style climate data tasmax, by month, weighted by cropwt.
WARNING: Cannot find new-style climate data tasmin, by month, weighted by cropwt.
WARNING: Cannot find new-style climate data edd, by month, weighted by cropwt.
Loading weather...
Warning: edd_monthly in /shares/gcp/climate/BCSD/hierid/cropwt/monthly/edd_monthly/historical/GFDL-CM3/1981/1.3.nc4 has no units.
Warning: edd_monthly in /shares/gcp/climate/BCSD/hierid/cropwt/monthly/edd_monthly/rcp45/GFDL-CM3/2006/1.3.nc4 has no units.
Generating cassava_seasonaltasmax.nc4 in /shares/gcp/outputs/temps/rcp45/GFDL-CM3
Processing years...
Push 1981
Push 1982
Push 1983
Push 1984
Push 1985
Push 1986
Push 1987
Push 1988
Push 1989
Push 1990
Push 1991
Push 1992
Push 1993
Push 1994
Push 1995
Push 1996
Push 1997
Push 1998
Push 1999
Push 2000
Push 2001
Push 2002
Push 2003
Push 2004
Push 2005
Push 2006
Push 2007
Push 2008
Push 2009
Push 2010
Push 2011
Push 2012
Push 2013
Push 2014
Push 2015
Push 2016
Push 2017
Push 2018
Push 2019
Push 2020
Push 2021
Push 2022
Push 2023
Push 2024
Push 2025
Push 2026
Push 2027
Push 2028
Push 2029
Push 2030
Push 2031
Push 2032
Push 2033
Push 2034
Push 2035
Push 2036
Push 2037
Push 2038
Push 2039
Push 2040
Push 2041
Push 2042
Push 2043
Push 2044
Push 2045
Push 2046
Push 2047
Push 2048
Push 2049
Push 2050
Push 2051
Push 2052
Push 2053
Push 2054
Push 2055
Push 2056
Push 2057
Push 2058
Push 2059
Push 2060
Push 2061
Push 2062
Push 2063
Push 2064
Push 2065
Push 2066
Push 2067
Push 2068
Push 2069
Push 2070
Push 2071
Push 2072
Push 2073
Push 2074
Push 2075
Push 2076
Push 2077
Push 2078
Push 2079
Push 2080
Push 2081
Push 2082
Push 2083
Push 2084
Push 2085
Push 2086
Push 2087
Push 2088
Push 2089
Push 2090
Push 2091
Push 2092
Push 2093
Push 2094
Push 2095
Push 2096
Push 2097
Push 2098
Processing arguments
WARNING: Cannot find new-style climate data tasmax, by month, weighted by cropwt.
WARNING: Cannot find new-style climate data tasmin, by month, weighted by cropwt.
WARNING: Cannot find new-style climate data edd, by month, weighted by cropwt.
Loading weather...
Warning: edd_monthly in /shares/gcp/climate/BCSD/hierid/cropwt/monthly/edd_monthly/historical/GFDL-CM3/1981/1.3.nc4 has no units.
Warning: edd_monthly in /shares/gcp/climate/BCSD/hierid/cropwt/monthly/edd_monthly/rcp85/GFDL-CM3/2006/1.3.nc4 has no units.
Starting bundle iterator
WARNING: Cannot find new-style climate data tasmax, by month, weighted by cropwt.
WARNING: Cannot find new-style climate data tasmin, by month, weighted by cropwt.
WARNING: Cannot find new-style climate data edd, by month, weighted by cropwt.
Loading weather...
Warning: edd_monthly in /shares/gcp/climate/BCSD/hierid/cropwt/monthly/edd_monthly/historical/GFDL-CM3/1981/1.3.nc4 has no units.
Warning: edd_monthly in /shares/gcp/climate/BCSD/hierid/cropwt/monthly/edd_monthly/rcp85/GFDL-CM3/2006/1.3.nc4 has no units.
Generating cassava_seasonaltasmax.nc4 in /shares/gcp/outputs/temps/rcp85/GFDL-CM3
Processing years...
Push 1981
Push 1982
Push 1983
Push 1984
Push 1985
Push 1986
Push 1987
Push 1988
Push 1989
Push 1990
Push 1991
Push 1992
Push 1993
Push 1994
Push 1995
Push 1996
Push 1997
Push 1998
Push 1999
Push 2000
Push 2001
Push 2002
Push 2003
Push 2004
Push 2005
Push 2006
Push 2007
Push 2008
Push 2009
Push 2010
Push 2011
Push 2012
Push 2013
Push 2014
Push 2015
Push 2016
Push 2017
Push 2018
Push 2019
Push 2020
Push 2021
Push 2022
Push 2023
Push 2024
Push 2025
Push 2026
Push 2027
Push 2028
Push 2029
Push 2030
Push 2031
Push 2032
Push 2033
Push 2034
Push 2035
Push 2036
Push 2037
Push 2038
Push 2039
Push 2040
Push 2041
Push 2042
Push 2043
Push 2044
Push 2045
Push 2046
Push 2047
Push 2048
Push 2049
Push 2050
Push 2051
Push 2052
Push 2053
Push 2054
Push 2055
Push 2056
Push 2057
Push 2058
Push 2059
Push 2060
Push 2061
Push 2062
Push 2063
Push 2064
Push 2065
Push 2066
Push 2067
Push 2068
Push 2069
Push 2070
Push 2071
Push 2072
Push 2073
Push 2074
Push 2075
Push 2076
Push 2077
Push 2078
Push 2079
Push 2080
Push 2081
Push 2082
Push 2083
Push 2084
Push 2085
Push 2086
Push 2087
Push 2088
Push 2089
Push 2090
Push 2091
Push 2092
Push 2093
Push 2094
Push 2095
Push 2096
Push 2097
Push 2098
Processing arguments
WARNING: Cannot find new-style climate data tasmax, by month, weighted by cropwt.
WARNING: Cannot find new-style climate data tasmin, by month, weighted by cropwt.
WARNING: Cannot find new-style climate data edd, by month, weighted by cropwt.
Loading weather...
the config file syntax is wrong
None
Processing arguments
WARNING: Cannot find new-style climate data tasmax, by month, weighted by cropwt.
WARNING: Cannot find new-style climate data tasmin, by month, weighted by cropwt.
WARNING: Cannot find new-style climate data edd, by month, weighted by cropwt.
Loading weather...
Warning: edd_monthly in /shares/gcp/climate/BCSD/hierid/cropwt/monthly/edd_monthly/historical/IPSL-CM5A-MR/1981/1.3.nc4 has no units.
Warning: edd_monthly in /shares/gcp/climate/BCSD/hierid/cropwt/monthly/edd_monthly/rcp45/IPSL-CM5A-MR/2006/1.3.nc4 has no units.
Starting bundle iterator
WARNING: Cannot find new-style climate data tasmax, by month, weighted by cropwt.
WARNING: Cannot find new-style climate data tasmin, by month, weighted by cropwt.
WARNING: Cannot find new-style climate data edd, by month, weighted by cropwt.
Loading weather...
Warning: edd_monthly in /shares/gcp/climate/BCSD/hierid/cropwt/monthly/edd_monthly/historical/IPSL-CM5A-MR/1981/1.3.nc4 has no units.
Warning: edd_monthly in /shares/gcp/climate/BCSD/hierid/cropwt/monthly/edd_monthly/rcp45/IPSL-CM5A-MR/2006/1.3.nc4 has no units.
Generating cassava_seasonaltasmax.nc4 in /shares/gcp/outputs/temps/rcp45/IPSL-CM5A-MR
Processing years...
Push 1981
Push 1982
Push 1983
Push 1984
Push 1985
Push 1986
Push 1987
Push 1988
Push 1989
Push 1990
Push 1991
Push 1992
Push 1993
Push 1994
Push 1995
Push 1996
Push 1997
Push 1998
Push 1999
Push 2000
Push 2001
Push 2002
Push 2003
Push 2004
Push 2005
Push 2006
Push 2007
Push 2008
Push 2009
Push 2010
Push 2011
Push 2012
Push 2013
Push 2014
Push 2015
Push 2016
Push 2017
Push 2018
Push 2019
Push 2020
Push 2021
Push 2022
Push 2023
Push 2024
Push 2025
Push 2026
Push 2027
Push 2028
Push 2029
Push 2030
Push 2031
Push 2032
Push 2033
Push 2034
Push 2035
Push 2036
Push 2037
Push 2038
Push 2039
Push 2040
Push 2041
Push 2042
Push 2043
Push 2044
Push 2045
Push 2046
Push 2047
Push 2048
Push 2049
Push 2050
Push 2051
Push 2052
Push 2053
Push 2054
Push 2055
Push 2056
Push 2057
Push 2058
Push 2059
Push 2060
Push 2061
Push 2062
Push 2063
Push 2064
Push 2065
Push 2066
Push 2067
Push 2068
Push 2069
Push 2070
Push 2071
Push 2072
Push 2073
Push 2074
Push 2075
Push 2076
Push 2077
Push 2078
Push 2079
Push 2080
Push 2081
Push 2082
Push 2083
Push 2084
Push 2085
Push 2086
Push 2087
Push 2088
Push 2089
Push 2090
Push 2091
Push 2092
Push 2093
Push 2094
Push 2095
Push 2096
Push 2097
Push 2098
Processing arguments
WARNING: Cannot find new-style climate data tasmax, by month, weighted by cropwt.
WARNING: Cannot find new-style climate data tasmin, by month, weighted by cropwt.
WARNING: Cannot find new-style climate data edd, by month, weighted by cropwt.
Loading weather...
Warning: edd_monthly in /shares/gcp/climate/BCSD/hierid/cropwt/monthly/edd_monthly/historical/IPSL-CM5A-MR/1981/1.3.nc4 has no units.
Warning: edd_monthly in /shares/gcp/climate/BCSD/hierid/cropwt/monthly/edd_monthly/rcp85/IPSL-CM5A-MR/2006/1.3.nc4 has no units.
Starting bundle iterator
WARNING: Cannot find new-style climate data tasmax, by month, weighted by cropwt.
WARNING: Cannot find new-style climate data tasmin, by month, weighted by cropwt.
WARNING: Cannot find new-style climate data edd, by month, weighted by cropwt.
Loading weather...
Warning: edd_monthly in /shares/gcp/climate/BCSD/hierid/cropwt/monthly/edd_monthly/historical/IPSL-CM5A-MR/1981/1.3.nc4 has no units.
Warning: edd_monthly in /shares/gcp/climate/BCSD/hierid/cropwt/monthly/edd_monthly/rcp85/IPSL-CM5A-MR/2006/1.3.nc4 has no units.
Generating cassava_seasonaltasmax.nc4 in /shares/gcp/outputs/temps/rcp85/IPSL-CM5A-MR
Processing years...
Push 1981
Push 1982
Push 1983
Push 1984
Push 1985
Push 1986
Push 1987
Push 1988
Push 1989
Push 1990
Push 1991
Push 1992
Push 1993
Push 1994
Push 1995
Push 1996
Push 1997
Push 1998
Push 1999
Push 2000
Push 2001
Push 2002
Push 2003
Push 2004
Push 2005
Push 2006
Push 2007
Push 2008
Push 2009
Push 2010
Push 2011
Push 2012
Push 2013
Push 2014
Push 2015
Push 2016
Push 2017
Push 2018
Push 2019
Push 2020
Push 2021
Push 2022
Push 2023
Push 2024
Push 2025
Push 2026
Push 2027
Push 2028
Push 2029
Push 2030
Push 2031
Push 2032
Push 2033
Push 2034
Push 2035
Push 2036
Push 2037
Push 2038
Push 2039
Push 2040
Push 2041
Push 2042
Push 2043
Push 2044
Push 2045
Push 2046
Push 2047
Push 2048
Push 2049
Push 2050
Push 2051
Push 2052
Push 2053
Push 2054
Push 2055
Push 2056
Push 2057
Push 2058
Push 2059
Push 2060
Push 2061
Push 2062
Push 2063
Push 2064
Push 2065
Push 2066
Push 2067
Push 2068
Push 2069
Push 2070
Push 2071
Push 2072
Push 2073
Push 2074
Push 2075
Push 2076
Push 2077
Push 2078
Push 2079
Push 2080
Push 2081
Push 2082
Push 2083
Push 2084
Push 2085
Push 2086
Push 2087
Push 2088
Push 2089
Push 2090
Push 2091
Push 2092
Push 2093
Push 2094
Push 2095
Push 2096
Push 2097
Push 2098
Processing arguments
WARNING: Cannot find new-style climate data tasmax, by month, weighted by cropwt.
WARNING: Cannot find new-style climate data tasmin, by month, weighted by cropwt.
WARNING: Cannot find new-style climate data edd, by month, weighted by cropwt.
Loading weather...
Warning: edd_monthly in /shares/gcp/climate/BCSD/hierid/cropwt/monthly/edd_monthly/historical/CanESM2/1981/1.3.nc4 has no units.
Warning: edd_monthly in /shares/gcp/climate/BCSD/hierid/cropwt/monthly/edd_monthly/rcp45/surrogate_CanESM2_89/2006/1.3.nc4 has no units.
Starting bundle iterator
WARNING: Cannot find new-style climate data tasmax, by month, weighted by cropwt.
WARNING: Cannot find new-style climate data tasmin, by month, weighted by cropwt.
WARNING: Cannot find new-style climate data edd, by month, weighted by cropwt.
Loading weather...
Warning: edd_monthly in /shares/gcp/climate/BCSD/hierid/cropwt/monthly/edd_monthly/historical/CanESM2/1981/1.3.nc4 has no units.
Warning: edd_monthly in /shares/gcp/climate/BCSD/hierid/cropwt/monthly/edd_monthly/rcp45/surrogate_CanESM2_89/2006/1.3.nc4 has no units.
Generating cassava_seasonaltasmax.nc4 in /shares/gcp/outputs/temps/rcp45/surrogate_CanESM2_89
Processing years...
Push 1981
Push 1982
Push 1983
Push 1984
Push 1985
Push 1986
Push 1987
Push 1988
Push 1989
Push 1990
Push 1991
Push 1992
Push 1993
Push 1994
Push 1995
Push 1996
Push 1997
Push 1998
Push 1999
Push 2000
Push 2001
Push 2002
Push 2003
Push 2004
Push 2005
Push 2006
Push 2007
Push 2008
Push 2009
Push 2010
Push 2011
Push 2012
Push 2013
Push 2014
Push 2015
Push 2016
Push 2017
Push 2018
Push 2019
Push 2020
Push 2021
Push 2022
Push 2023
Push 2024
Push 2025
Push 2026
Push 2027
Push 2028
Push 2029
Push 2030
Push 2031
Push 2032
Push 2033
Push 2034
Push 2035
Push 2036
Push 2037
Push 2038
Push 2039
Push 2040
Push 2041
Push 2042
Push 2043
Push 2044
Push 2045
Push 2046
Push 2047
Push 2048
Push 2049
Push 2050
Push 2051
Push 2052
Push 2053
Push 2054
Push 2055
Push 2056
Push 2057
Push 2058
Push 2059
Push 2060
Push 2061
Push 2062
Push 2063
Push 2064
Push 2065
Push 2066
Push 2067
Push 2068
Push 2069
Push 2070
Push 2071
Push 2072
Push 2073
Push 2074
Push 2075
Push 2076
Push 2077
Push 2078
Push 2079
Push 2080
Push 2081
Push 2082
Push 2083
Push 2084
Push 2085
Push 2086
Push 2087
Push 2088
Push 2089
Push 2090
Push 2091
Push 2092
Push 2093
Push 2094
Push 2095
Push 2096
Push 2097
Push 2098
Processing arguments
WARNING: Cannot find new-style climate data tasmax, by month, weighted by cropwt.
WARNING: Cannot find new-style climate data tasmin, by month, weighted by cropwt.
WARNING: Cannot find new-style climate data edd, by month, weighted by cropwt.
Loading weather...
Warning: edd_monthly in /shares/gcp/climate/BCSD/hierid/cropwt/monthly/edd_monthly/historical/CanESM2/1981/1.3.nc4 has no units.
Warning: edd_monthly in /shares/gcp/climate/BCSD/hierid/cropwt/monthly/edd_monthly/rcp85/surrogate_CanESM2_89/2006/1.3.nc4 has no units.
Starting bundle iterator
WARNING: Cannot find new-style climate data tasmax, by month, weighted by cropwt.
WARNING: Cannot find new-style climate data tasmin, by month, weighted by cropwt.
WARNING: Cannot find new-style climate data edd, by month, weighted by cropwt.
Loading weather...
Warning: edd_monthly in /shares/gcp/climate/BCSD/hierid/cropwt/monthly/edd_monthly/historical/CanESM2/1981/1.3.nc4 has no units.
Warning: edd_monthly in /shares/gcp/climate/BCSD/hierid/cropwt/monthly/edd_monthly/rcp85/surrogate_CanESM2_89/2006/1.3.nc4 has no units.
Generating cassava_seasonaltasmax.nc4 in /shares/gcp/outputs/temps/rcp85/surrogate_CanESM2_89
Processing years...
Push 1981
Push 1982
Push 1983
Push 1984
Push 1985
Push 1986
Push 1987
Push 1988
Push 1989
Push 1990
Push 1991
Push 1992
Push 1993
Push 1994
Push 1995
Push 1996
Push 1997
Push 1998
Push 1999
Push 2000
Push 2001
Push 2002
Push 2003
Push 2004
Push 2005
Push 2006
Push 2007
Push 2008
Push 2009
Push 2010
Push 2011
Push 2012
Push 2013
Push 2014
Push 2015
Push 2016
Push 2017
Push 2018
Push 2019
Push 2020
Push 2021
Push 2022
Push 2023
Push 2024
Push 2025
Push 2026
Push 2027
Push 2028
Push 2029
Push 2030
Push 2031
Push 2032
Push 2033
Push 2034
Push 2035
Push 2036
Push 2037
Push 2038
Push 2039
Push 2040
Push 2041
Push 2042
Push 2043
Push 2044
Push 2045
Push 2046
Push 2047
Push 2048
Push 2049
Push 2050
Push 2051
Push 2052
Push 2053
Push 2054
Push 2055
Push 2056
Push 2057
Push 2058
Push 2059
Push 2060
Push 2061
Push 2062
Push 2063
Push 2064
Push 2065
Push 2066
Push 2067
Push 2068
Push 2069
Push 2070
Push 2071
Push 2072
Push 2073
Push 2074
Push 2075
Push 2076
Push 2077
Push 2078
Push 2079
Push 2080
Push 2081
Push 2082
Push 2083
Push 2084
Push 2085
Push 2086
Push 2087
Push 2088
Push 2089
Push 2090
Push 2091
Push 2092
Push 2093
Push 2094
Push 2095
Push 2096
Push 2097
Push 2098
Processing arguments
WARNING: Cannot find new-style climate data tasmax, by month, weighted by cropwt.
WARNING: Cannot find new-style climate data tasmin, by month, weighted by cropwt.
WARNING: Cannot find new-style climate data edd, by month, weighted by cropwt.
Loading weather...
Warning: edd_monthly in /shares/gcp/climate/BCSD/hierid/cropwt/monthly/edd_monthly/historical/CNRM-CM5/1981/1.3.nc4 has no units.
Warning: edd_monthly in /shares/gcp/climate/BCSD/hierid/cropwt/monthly/edd_monthly/rcp45/CNRM-CM5/2006/1.3.nc4 has no units.
Starting bundle iterator
WARNING: Cannot find new-style climate data tasmax, by month, weighted by cropwt.
WARNING: Cannot find new-style climate data tasmin, by month, weighted by cropwt.
WARNING: Cannot find new-style climate data edd, by month, weighted by cropwt.
Loading weather...
Warning: edd_monthly in /shares/gcp/climate/BCSD/hierid/cropwt/monthly/edd_monthly/historical/CNRM-CM5/1981/1.3.nc4 has no units.
Warning: edd_monthly in /shares/gcp/climate/BCSD/hierid/cropwt/monthly/edd_monthly/rcp45/CNRM-CM5/2006/1.3.nc4 has no units.
Generating cassava_seasonaltasmax.nc4 in /shares/gcp/outputs/temps/rcp45/CNRM-CM5
Processing years...
Push 1981
Push 1982
Push 1983
Push 1984
Push 1985
Push 1986
Push 1987
Push 1988
Push 1989
Push 1990
Push 1991
Push 1992
Push 1993
Push 1994
Push 1995
Push 1996
Push 1997
Push 1998
Push 1999
Push 2000
Push 2001
Push 2002
Push 2003
Push 2004
Push 2005
Push 2006
Push 2007
Push 2008
Push 2009
Push 2010
Push 2011
Push 2012
Push 2013
Push 2014
Push 2015
Push 2016
Push 2017
Push 2018
Push 2019
Push 2020
Push 2021
Push 2022
Push 2023
Push 2024
Push 2025
Push 2026
Push 2027
Push 2028
Push 2029
Push 2030
Push 2031
Push 2032
Push 2033
Push 2034
Push 2035
Push 2036
Push 2037
Push 2038
Push 2039
Push 2040
Push 2041
Push 2042
Push 2043
Push 2044
Push 2045
Push 2046
Push 2047
Push 2048
Push 2049
Push 2050
Push 2051
Push 2052
Push 2053
Push 2054
Push 2055
Push 2056
Push 2057
Push 2058
Push 2059
Push 2060
Push 2061
Push 2062
Push 2063
Push 2064
Push 2065
Push 2066
Push 2067
Push 2068
Push 2069
Push 2070
Push 2071
Push 2072
Push 2073
Push 2074
Push 2075
Push 2076
Push 2077
Push 2078
Push 2079
Push 2080
Push 2081
Push 2082
Push 2083
Push 2084
Push 2085
Push 2086
Push 2087
Push 2088
Push 2089
Push 2090
Push 2091
Push 2092
Push 2093
Push 2094
Push 2095
Push 2096
Push 2097
Push 2098
Processing arguments
WARNING: Cannot find new-style climate data tasmax, by month, weighted by cropwt.
WARNING: Cannot find new-style climate data tasmin, by month, weighted by cropwt.
WARNING: Cannot find new-style climate data edd, by month, weighted by cropwt.
Loading weather...
Warning: edd_monthly in /shares/gcp/climate/BCSD/hierid/cropwt/monthly/edd_monthly/historical/CNRM-CM5/1981/1.3.nc4 has no units.
Warning: edd_monthly in /shares/gcp/climate/BCSD/hierid/cropwt/monthly/edd_monthly/rcp85/CNRM-CM5/2006/1.3.nc4 has no units.
Starting bundle iterator
WARNING: Cannot find new-style climate data tasmax, by month, weighted by cropwt.
WARNING: Cannot find new-style climate data tasmin, by month, weighted by cropwt.
WARNING: Cannot find new-style climate data edd, by month, weighted by cropwt.
Loading weather...
Warning: edd_monthly in /shares/gcp/climate/BCSD/hierid/cropwt/monthly/edd_monthly/historical/CNRM-CM5/1981/1.3.nc4 has no units.
Warning: edd_monthly in /shares/gcp/climate/BCSD/hierid/cropwt/monthly/edd_monthly/rcp85/CNRM-CM5/2006/1.3.nc4 has no units.
Generating cassava_seasonaltasmax.nc4 in /shares/gcp/outputs/temps/rcp85/CNRM-CM5
Processing years...
Push 1981
Push 1982
Push 1983
Push 1984
Push 1985
Push 1986
Push 1987
Push 1988
Push 1989
Push 1990
Push 1991
Push 1992
Push 1993
Push 1994
Push 1995
Push 1996
Push 1997
Push 1998
Push 1999
Push 2000
Push 2001
Push 2002
Push 2003
Push 2004
Push 2005
Push 2006
Push 2007
Push 2008
Push 2009
Push 2010
Push 2011
Push 2012
Push 2013
Push 2014
Push 2015
Push 2016
Push 2017
Push 2018
Push 2019
Push 2020
Push 2021
Push 2022
Push 2023
Push 2024
Push 2025
Push 2026
Push 2027
Push 2028
Push 2029
Push 2030
Push 2031
Push 2032
Push 2033
Push 2034
Push 2035
Push 2036
Push 2037
Push 2038
Push 2039
Push 2040
Push 2041
Push 2042
Push 2043
Push 2044
Push 2045
Push 2046
Push 2047
Push 2048
Push 2049
Push 2050
Push 2051
Push 2052
Push 2053
Push 2054
Push 2055
Push 2056
Push 2057
Push 2058
Push 2059
Push 2060
Push 2061
Push 2062
Push 2063
Push 2064
Push 2065
Push 2066
Push 2067
Push 2068
Push 2069
Push 2070
Push 2071
Push 2072
Push 2073
Push 2074
Push 2075
Push 2076
Push 2077
Push 2078
Push 2079
Push 2080
Push 2081
Push 2082
Push 2083
Push 2084
Push 2085
Push 2086
Push 2087
Push 2088
Push 2089
Push 2090
Push 2091
Push 2092
Push 2093
Push 2094
Push 2095
Push 2096
Push 2097
Push 2098
Processing arguments
WARNING: Cannot find new-style climate data tasmax, by month, weighted by cropwt.
WARNING: Cannot find new-style climate data tasmin, by month, weighted by cropwt.
WARNING: Cannot find new-style climate data edd, by month, weighted by cropwt.
Loading weather...
Warning: edd_monthly in /shares/gcp/climate/BCSD/hierid/cropwt/monthly/edd_monthly/historical/MPI-ESM-LR/1981/1.3.nc4 has no units.
Warning: edd_monthly in /shares/gcp/climate/BCSD/hierid/cropwt/monthly/edd_monthly/rcp45/MPI-ESM-LR/2006/1.3.nc4 has no units.
Starting bundle iterator
WARNING: Cannot find new-style climate data tasmax, by month, weighted by cropwt.
WARNING: Cannot find new-style climate data tasmin, by month, weighted by cropwt.
WARNING: Cannot find new-style climate data edd, by month, weighted by cropwt.
Loading weather...
Warning: edd_monthly in /shares/gcp/climate/BCSD/hierid/cropwt/monthly/edd_monthly/historical/MPI-ESM-LR/1981/1.3.nc4 has no units.
Warning: edd_monthly in /shares/gcp/climate/BCSD/hierid/cropwt/monthly/edd_monthly/rcp45/MPI-ESM-LR/2006/1.3.nc4 has no units.
Generating cassava_seasonaltasmax.nc4 in /shares/gcp/outputs/temps/rcp45/MPI-ESM-LR
Processing years...
Push 1981
Push 1982
Push 1983
Push 1984
Push 1985
Push 1986
Push 1987
Push 1988
Push 1989
Push 1990
Push 1991
Push 1992
Push 1993
Push 1994
Push 1995
Push 1996
Push 1997
Push 1998
Push 1999
Push 2000
Push 2001
Push 2002
Push 2003
Push 2004
Push 2005
Push 2006
Push 2007
Push 2008
Push 2009
Push 2010
Push 2011
Push 2012
Push 2013
Push 2014
Push 2015
Push 2016
Push 2017
Push 2018
Push 2019
Push 2020
Push 2021
Push 2022
Push 2023
Push 2024
Push 2025
Push 2026
Push 2027
Push 2028
Push 2029
Push 2030
Push 2031
Push 2032
Push 2033
Push 2034
Push 2035
Push 2036
Push 2037
Push 2038
Push 2039
Push 2040
Push 2041
Push 2042
Push 2043
Push 2044
Push 2045
Push 2046
Push 2047
Push 2048
Push 2049
Push 2050
Push 2051
Push 2052
Push 2053
Push 2054
Push 2055
Push 2056
Push 2057
Push 2058
Push 2059
Push 2060
Push 2061
Push 2062
Push 2063
Push 2064
Push 2065
Push 2066
Push 2067
Push 2068
Push 2069
Push 2070
Push 2071
Push 2072
Push 2073
Push 2074
Push 2075
Push 2076
Push 2077
Push 2078
Push 2079
Push 2080
Push 2081
Push 2082
Push 2083
Push 2084
Push 2085
Push 2086
Push 2087
Push 2088
Push 2089
Push 2090
Push 2091
Push 2092
Push 2093
Push 2094
Push 2095
Push 2096
Push 2097
Push 2098
Processing arguments
WARNING: Cannot find new-style climate data tasmax, by month, weighted by cropwt.
WARNING: Cannot find new-style climate data tasmin, by month, weighted by cropwt.
WARNING: Cannot find new-style climate data edd, by month, weighted by cropwt.
Loading weather...
Warning: edd_monthly in /shares/gcp/climate/BCSD/hierid/cropwt/monthly/edd_monthly/historical/MPI-ESM-LR/1981/1.3.nc4 has no units.
Warning: edd_monthly in /shares/gcp/climate/BCSD/hierid/cropwt/monthly/edd_monthly/rcp85/MPI-ESM-LR/2006/1.3.nc4 has no units.
Starting bundle iterator
WARNING: Cannot find new-style climate data tasmax, by month, weighted by cropwt.
WARNING: Cannot find new-style climate data tasmin, by month, weighted by cropwt.
WARNING: Cannot find new-style climate data edd, by month, weighted by cropwt.
Loading weather...
Warning: edd_monthly in /shares/gcp/climate/BCSD/hierid/cropwt/monthly/edd_monthly/historical/MPI-ESM-LR/1981/1.3.nc4 has no units.
Warning: edd_monthly in /shares/gcp/climate/BCSD/hierid/cropwt/monthly/edd_monthly/rcp85/MPI-ESM-LR/2006/1.3.nc4 has no units.
Generating cassava_seasonaltasmax.nc4 in /shares/gcp/outputs/temps/rcp85/MPI-ESM-LR
Processing years...
Push 1981
Push 1982
Push 1983
Push 1984
Push 1985
Push 1986
Push 1987
Push 1988
Push 1989
Push 1990
Push 1991
Push 1992
Push 1993
Push 1994
Push 1995
Push 1996
Push 1997
Push 1998
Push 1999
Push 2000
Push 2001
Push 2002
Push 2003
Push 2004
Push 2005
Push 2006
Push 2007
Push 2008
Push 2009
Push 2010
Push 2011
Push 2012
Push 2013
Push 2014
Push 2015
Push 2016
Push 2017
Push 2018
Push 2019
Push 2020
Push 2021
Push 2022
Push 2023
Push 2024
Push 2025
Push 2026
Push 2027
Push 2028
Push 2029
Push 2030
Push 2031
Push 2032
Push 2033
Push 2034
Push 2035
Push 2036
Push 2037
Push 2038
Push 2039
Push 2040
Push 2041
Push 2042
Push 2043
Push 2044
Push 2045
Push 2046
Push 2047
Push 2048
Push 2049
Push 2050
Push 2051
Push 2052
Push 2053
Push 2054
Push 2055
Push 2056
Push 2057
Push 2058
Push 2059
Push 2060
Push 2061
Push 2062
Push 2063
Push 2064
Push 2065
Push 2066
Push 2067
Push 2068
Push 2069
Push 2070
Push 2071
Push 2072
Push 2073
Push 2074
Push 2075
Push 2076
Push 2077
Push 2078
Push 2079
Push 2080
Push 2081
Push 2082
Push 2083
Push 2084
Push 2085
Push 2086
Push 2087
Push 2088
Push 2089
Push 2090
Push 2091
Push 2092
Push 2093
Push 2094
Push 2095
Push 2096
Push 2097
Push 2098
Processing arguments
WARNING: Cannot find new-style climate data tasmax, by month, weighted by cropwt.
WARNING: Cannot find new-style climate data tasmin, by month, weighted by cropwt.
WARNING: Cannot find new-style climate data edd, by month, weighted by cropwt.
Loading weather...
Warning: edd_monthly in /shares/gcp/climate/BCSD/hierid/cropwt/monthly/edd_monthly/historical/GFDL-CM3/1981/1.3.nc4 has no units.
Warning: edd_monthly in /shares/gcp/climate/BCSD/hierid/cropwt/monthly/edd_monthly/rcp45/GFDL-CM3/2006/1.3.nc4 has no units.
Starting bundle iterator
WARNING: Cannot find new-style climate data tasmax, by month, weighted by cropwt.
WARNING: Cannot find new-style climate data tasmin, by month, weighted by cropwt.
WARNING: Cannot find new-style climate data edd, by month, weighted by cropwt.
Loading weather...
Warning: edd_monthly in /shares/gcp/climate/BCSD/hierid/cropwt/monthly/edd_monthly/historical/GFDL-CM3/1981/1.3.nc4 has no units.
Warning: edd_monthly in /shares/gcp/climate/BCSD/hierid/cropwt/monthly/edd_monthly/rcp45/GFDL-CM3/2006/1.3.nc4 has no units.
Generating cassava_monthbinpr.nc4 in /shares/gcp/outputs/temps/rcp45/GFDL-CM3
Processing years...
Push 1981
Push 1982
Push 1983
Push 1984
Push 1985
Push 1986
Push 1987
Push 1988
Push 1989
Push 1990
Push 1991
Push 1992
Push 1993
Push 1994
Push 1995
Push 1996
Push 1997
Push 1998
Push 1999
Push 2000
Push 2001
Push 2002
Push 2003
Push 2004
Push 2005
Push 2006
Push 2007
Push 2008
Push 2009
Push 2010
Push 2011
Push 2012
Push 2013
Push 2014
Push 2015
Push 2016
Push 2017
Push 2018
Push 2019
Push 2020
Push 2021
Push 2022
Push 2023
Push 2024
Push 2025
Push 2026
Push 2027
Push 2028
Push 2029
Push 2030
Push 2031
Push 2032
Push 2033
Push 2034
Push 2035
Push 2036
Push 2037
Push 2038
Push 2039
Push 2040
Push 2041
Push 2042
Push 2043
Push 2044
Push 2045
Push 2046
Push 2047
Push 2048
Push 2049
Push 2050
Push 2051
Push 2052
Push 2053
Push 2054
Push 2055
Push 2056
Push 2057
Push 2058
Push 2059
Push 2060
Push 2061
Push 2062
Push 2063
Push 2064
Push 2065
Push 2066
Push 2067
Push 2068
Push 2069
Push 2070
Push 2071
Push 2072
Push 2073
Push 2074
Push 2075
Push 2076
Push 2077
Push 2078
Push 2079
Push 2080
Push 2081
Push 2082
Push 2083
Push 2084
Push 2085
Push 2086
Push 2087
Push 2088
Push 2089
Push 2090
Push 2091
Push 2092
Push 2093
Push 2094
Push 2095
Push 2096
Push 2097
Push 2098
Processing arguments
WARNING: Cannot find new-style climate data tasmax, by month, weighted by cropwt.
WARNING: Cannot find new-style climate data tasmin, by month, weighted by cropwt.
WARNING: Cannot find new-style climate data edd, by month, weighted by cropwt.
Loading weather...
Warning: edd_monthly in /shares/gcp/climate/BCSD/hierid/cropwt/monthly/edd_monthly/historical/GFDL-CM3/1981/1.3.nc4 has no units.
Warning: edd_monthly in /shares/gcp/climate/BCSD/hierid/cropwt/monthly/edd_monthly/rcp85/GFDL-CM3/2006/1.3.nc4 has no units.
Starting bundle iterator
WARNING: Cannot find new-style climate data tasmax, by month, weighted by cropwt.
WARNING: Cannot find new-style climate data tasmin, by month, weighted by cropwt.
WARNING: Cannot find new-style climate data edd, by month, weighted by cropwt.
Loading weather...
Warning: edd_monthly in /shares/gcp/climate/BCSD/hierid/cropwt/monthly/edd_monthly/historical/GFDL-CM3/1981/1.3.nc4 has no units.
Warning: edd_monthly in /shares/gcp/climate/BCSD/hierid/cropwt/monthly/edd_monthly/rcp85/GFDL-CM3/2006/1.3.nc4 has no units.
Generating cassava_monthbinpr.nc4 in /shares/gcp/outputs/temps/rcp85/GFDL-CM3
Processing years...
Push 1981
Push 1982
Push 1983
Push 1984
Push 1985
Push 1986
Push 1987
Push 1988
Push 1989
Push 1990
Push 1991
Push 1992
Push 1993
Push 1994
Push 1995
Push 1996
Push 1997
Push 1998
Push 1999
Push 2000
Push 2001
Push 2002
Push 2003
Push 2004
Push 2005
Push 2006
Push 2007
Push 2008
Push 2009
Push 2010
Push 2011
Push 2012
Push 2013
Push 2014
Push 2015
Push 2016
Push 2017
Push 2018
Push 2019
Push 2020
Push 2021
Push 2022
Push 2023
Push 2024
Push 2025
Push 2026
Push 2027
Push 2028
Push 2029
Push 2030
Push 2031
Push 2032
Push 2033
Push 2034
Push 2035
Push 2036
Push 2037
Push 2038
Push 2039
Push 2040
Push 2041
Push 2042
Push 2043
Push 2044
Push 2045
Push 2046
Push 2047
Push 2048
Push 2049
Push 2050
Push 2051
Push 2052
Push 2053
Push 2054
Push 2055
Push 2056
Push 2057
Push 2058
Push 2059
Push 2060
Push 2061
Push 2062
Push 2063
Push 2064
Push 2065
Push 2066
Push 2067
Push 2068
Push 2069
Push 2070
Push 2071
Push 2072
Push 2073
Push 2074
Push 2075
Push 2076
Push 2077
Push 2078
Push 2079
Push 2080
Push 2081
Push 2082
Push 2083
Push 2084
Push 2085
Push 2086
Push 2087
Push 2088
Push 2089
Push 2090
Push 2091
Push 2092
Push 2093
Push 2094
Push 2095
Push 2096
Push 2097
Push 2098
Processing arguments
WARNING: Cannot find new-style climate data tasmax, by month, weighted by cropwt.
WARNING: Cannot find new-style climate data tasmin, by month, weighted by cropwt.
WARNING: Cannot find new-style climate data edd, by month, weighted by cropwt.
Loading weather...
the config file syntax is wrong
None
